<?xml version="1.0" encoding="UTF-8"?>
<testng-results ignored="0" total="1" passed="1" failed="0" skipped="0">
  <reporter-output>
  </reporter-output>
  <suite started-at="2021-06-13T18:42:33 IST" name="Default suite" finished-at="2021-06-13T18:42:33 IST" duration-ms="84">
    <groups>
    </groups>
    <test started-at="2021-06-13T18:42:33 IST" name="Default test" finished-at="2021-06-13T18:42:33 IST" duration-ms="84">
      <class name="Parameters.Parameterized">
        <test-method signature="parameterTest(java.lang.String)[pri:0, instance:Parameters.Parameterized@757acd7b]" started-at="2021-06-13T18:42:33 IST" name="parameterTest" finished-at="2021-06-13T18:42:33 IST" duration-ms="18" status="PASS">
          <params>
            <param index="0">
              <value>
                <![CDATA[param-val-not-found]]>
              </value>
            </param>
          </params>
          <reporter-output>
          </reporter-output>
        </test-method> <!-- parameterTest -->
      </class> <!-- Parameters.Parameterized -->
    </test> <!-- Default test -->
  </suite> <!-- Default suite -->
</testng-results>
